This is pdfTeX, Version 3.141592653-2.6-1.40.24 (TeX Live 2022) (preloaded format=pdflatex 2022.5.4)  23 MAY 2022 09:46
entering extended mode
 restricted \write18 enabled.
 %&-line parsing enabled.
**TareaV.tex
(./TareaV.tex
LaTeX2e <2021-11-15> patch level 1
L3 programming layer <2022-04-29> (/Users/Carlos/Library/TinyTeX/texmf-dist/tex/latex/base/article.cls
Document Class: article 2021/10/04 v1.4n Standard LaTeX document class
(/Users/Carlos/Library/TinyTeX/texmf-dist/tex/latex/base/size10.clo
File: size10.clo 2021/10/04 v1.4n Standard LaTeX file (size option)
)
\c@part=\count185
\c@section=\count186
\c@subsection=\count187
\c@subsubsection=\count188
\c@paragraph=\count189
\c@subparagraph=\count190
\c@figure=\count191
\c@table=\count192
\abovecaptionskip=\skip47
\belowcaptionskip=\skip48
\bibindent=\dimen138
) (/Users/Carlos/Library/TinyTeX/texmf-dist/tex/latex/amsmath/amsmath.sty
Package: amsmath 2021/10/15 v2.17l AMS math features
\@mathmargin=\skip49
For additional information on amsmath, use the `?' option.
(/Users/Carlos/Library/TinyTeX/texmf-dist/tex/latex/amsmath/amstext.sty
Package: amstext 2021/08/26 v2.01 AMS text
(/Users/Carlos/Library/TinyTeX/texmf-dist/tex/latex/amsmath/amsgen.sty
File: amsgen.sty 1999/11/30 v2.0 generic functions
\@emptytoks=\toks16
\ex@=\dimen139
)) (/Users/Carlos/Library/TinyTeX/texmf-dist/tex/latex/amsmath/amsbsy.sty
Package: amsbsy 1999/11/29 v1.2d Bold Symbols
\pmbraise@=\dimen140
) (/Users/Carlos/Library/TinyTeX/texmf-dist/tex/latex/amsmath/amsopn.sty
Package: amsopn 2021/08/26 v2.02 operator names
)
\inf@bad=\count193
LaTeX Info: Redefining \frac on input line 234.
\uproot@=\count194
\leftroot@=\count195
LaTeX Info: Redefining \overline on input line 399.
\classnum@=\count196
\DOTSCASE@=\count197
LaTeX Info: Redefining \ldots on input line 496.
LaTeX Info: Redefining \dots on input line 499.
LaTeX Info: Redefining \cdots on input line 620.
\Mathstrutbox@=\box50
\strutbox@=\box51
\big@size=\dimen141
LaTeX Font Info:    Redeclaring font encoding OML on input line 743.
LaTeX Font Info:    Redeclaring font encoding OMS on input line 744.
\macc@depth=\count198
\c@MaxMatrixCols=\count199
\dotsspace@=\muskip16
\c@parentequation=\count266
\dspbrk@lvl=\count267
\tag@help=\toks17
\row@=\count268
\column@=\count269
\maxfields@=\count270
\andhelp@=\toks18
\eqnshift@=\dimen142
\alignsep@=\dimen143
\tagshift@=\dimen144
\tagwidth@=\dimen145
\totwidth@=\dimen146
\lineht@=\dimen147
\@envbody=\toks19
\multlinegap=\skip50
\multlinetaggap=\skip51
\mathdisplay@stack=\toks20
LaTeX Info: Redefining \[ on input line 2938.
LaTeX Info: Redefining \] on input line 2939.
) (/Users/Carlos/Library/TinyTeX/texmf-dist/tex/latex/amsfonts/amssymb.sty
Package: amssymb 2013/01/14 v3.01 AMS font symbols
(/Users/Carlos/Library/TinyTeX/texmf-dist/tex/latex/amsfonts/amsfonts.sty
Package: amsfonts 2013/01/14 v3.01 Basic AMSFonts support
\symAMSa=\mathgroup4
\symAMSb=\mathgroup5
LaTeX Font Info:    Redeclaring math symbol \hbar on input line 98.
LaTeX Font Info:    Overwriting math alphabet `\mathfrak' in version `bold'
(Font)                  U/euf/m/n --> U/euf/b/n on input line 106.
)) (/Users/Carlos/Library/TinyTeX/texmf-dist/tex/latex/lm/lmodern.sty
Package: lmodern 2015/05/01 v1.6.1 Latin Modern Fonts
LaTeX Font Info:    Overwriting symbol font `operators' in version `normal'
(Font)                  OT1/cmr/m/n --> OT1/lmr/m/n on input line 22.
LaTeX Font Info:    Overwriting symbol font `letters' in version `normal'
(Font)                  OML/cmm/m/it --> OML/lmm/m/it on input line 23.
LaTeX Font Info:    Overwriting symbol font `symbols' in version `normal'
(Font)                  OMS/cmsy/m/n --> OMS/lmsy/m/n on input line 24.
LaTeX Font Info:    Overwriting symbol font `largesymbols' in version `normal'
(Font)                  OMX/cmex/m/n --> OMX/lmex/m/n on input line 25.
LaTeX Font Info:    Overwriting symbol font `operators' in version `bold'
(Font)                  OT1/cmr/bx/n --> OT1/lmr/bx/n on input line 26.
LaTeX Font Info:    Overwriting symbol font `letters' in version `bold'
(Font)                  OML/cmm/b/it --> OML/lmm/b/it on input line 27.
LaTeX Font Info:    Overwriting symbol font `symbols' in version `bold'
(Font)                  OMS/cmsy/b/n --> OMS/lmsy/b/n on input line 28.
LaTeX Font Info:    Overwriting symbol font `largesymbols' in version `bold'
(Font)                  OMX/cmex/m/n --> OMX/lmex/m/n on input line 29.
LaTeX Font Info:    Overwriting math alphabet `\mathbf' in version `normal'
(Font)                  OT1/cmr/bx/n --> OT1/lmr/bx/n on input line 31.
LaTeX Font Info:    Overwriting math alphabet `\mathsf' in version `normal'
(Font)                  OT1/cmss/m/n --> OT1/lmss/m/n on input line 32.
LaTeX Font Info:    Overwriting math alphabet `\mathit' in version `normal'
(Font)                  OT1/cmr/m/it --> OT1/lmr/m/it on input line 33.
LaTeX Font Info:    Overwriting math alphabet `\mathtt' in version `normal'
(Font)                  OT1/cmtt/m/n --> OT1/lmtt/m/n on input line 34.
LaTeX Font Info:    Overwriting math alphabet `\mathbf' in version `bold'
(Font)                  OT1/cmr/bx/n --> OT1/lmr/bx/n on input line 35.
LaTeX Font Info:    Overwriting math alphabet `\mathsf' in version `bold'
(Font)                  OT1/cmss/bx/n --> OT1/lmss/bx/n on input line 36.
LaTeX Font Info:    Overwriting math alphabet `\mathit' in version `bold'
(Font)                  OT1/cmr/bx/it --> OT1/lmr/bx/it on input line 37.
LaTeX Font Info:    Overwriting math alphabet `\mathtt' in version `bold'
(Font)                  OT1/cmtt/m/n --> OT1/lmtt/m/n on input line 38.
) (/Users/Carlos/Library/TinyTeX/texmf-dist/tex/generic/iftex/iftex.sty
Package: iftex 2022/02/03 v1.0f TeX engine tests
) (/Users/Carlos/Library/TinyTeX/texmf-dist/tex/latex/base/fontenc.sty
Package: fontenc 2021/04/29 v2.0v Standard LaTeX package
LaTeX Font Info:    Trying to load font information for T1+lmr on input line 112.
(/Users/Carlos/Library/TinyTeX/texmf-dist/tex/latex/lm/t1lmr.fd
File: t1lmr.fd 2015/05/01 v1.6.1 Font defs for Latin Modern
)) (/Users/Carlos/Library/TinyTeX/texmf-dist/tex/latex/base/inputenc.sty
Package: inputenc 2021/02/14 v1.3d Input encoding file
\inpenc@prehook=\toks21
\inpenc@posthook=\toks22
) (/Users/Carlos/Library/TinyTeX/texmf-dist/tex/latex/base/textcomp.sty
Package: textcomp 2020/02/02 v2.0n Standard LaTeX package
) (/Users/Carlos/Library/TinyTeX/texmf-dist/tex/latex/xcolor/xcolor.sty
Package: xcolor 2021/10/31 v2.13 LaTeX color extensions (UK)
(/Users/Carlos/Library/TinyTeX/texmf-dist/tex/latex/graphics-cfg/color.cfg
File: color.cfg 2016/01/02 v1.6 sample color configuration
)
Package xcolor Info: Driver file: pdftex.def on input line 227.
(/Users/Carlos/Library/TinyTeX/texmf-dist/tex/latex/graphics-def/pdftex.def
File: pdftex.def 2020/10/05 v1.2a Graphics/color driver for pdftex
)
Package xcolor Info: Model `cmy' substituted by `cmy0' on input line 1352.
Package xcolor Info: Model `hsb' substituted by `rgb' on input line 1356.
Package xcolor Info: Model `RGB' extended on input line 1368.
Package xcolor Info: Model `HTML' substituted by `rgb' on input line 1370.
Package xcolor Info: Model `Hsb' substituted by `hsb' on input line 1371.
Package xcolor Info: Model `tHsb' substituted by `hsb' on input line 1372.
Package xcolor Info: Model `HSB' substituted by `hsb' on input line 1373.
Package xcolor Info: Model `Gray' substituted by `gray' on input line 1374.
Package xcolor Info: Model `wave' substituted by `hsb' on input line 1375.
) (/Users/Carlos/Library/TinyTeX/texmf-dist/tex/latex/hyperref/hyperref.sty
Package: hyperref 2022-05-17 v7.00q Hypertext links for LaTeX
(/Users/Carlos/Library/TinyTeX/texmf-dist/tex/generic/ltxcmds/ltxcmds.sty
Package: ltxcmds 2020-05-10 v1.25 LaTeX kernel commands for general use (HO)
) (/Users/Carlos/Library/TinyTeX/texmf-dist/tex/generic/pdftexcmds/pdftexcmds.sty
Package: pdftexcmds 2020-06-27 v0.33 Utility functions of pdfTeX for LuaTeX (HO)
(/Users/Carlos/Library/TinyTeX/texmf-dist/tex/generic/infwarerr/infwarerr.sty
Package: infwarerr 2019/12/03 v1.5 Providing info/warning/error messages (HO)
)
Package pdftexcmds Info: \pdf@primitive is available.
Package pdftexcmds Info: \pdf@ifprimitive is available.
Package pdftexcmds Info: \pdfdraftmode found.
) (/Users/Carlos/Library/TinyTeX/texmf-dist/tex/latex/graphics/keyval.sty
Package: keyval 2014/10/28 v1.15 key=value parser (DPC)
\KV@toks@=\toks23
) (/Users/Carlos/Library/TinyTeX/texmf-dist/tex/generic/kvsetkeys/kvsetkeys.sty
Package: kvsetkeys 2019/12/15 v1.18 Key value parser (HO)
) (/Users/Carlos/Library/TinyTeX/texmf-dist/tex/generic/kvdefinekeys/kvdefinekeys.sty
Package: kvdefinekeys 2019-12-19 v1.6 Define keys (HO)
) (/Users/Carlos/Library/TinyTeX/texmf-dist/tex/generic/pdfescape/pdfescape.sty
Package: pdfescape 2019/12/09 v1.15 Implements pdfTeX's escape features (HO)
) (/Users/Carlos/Library/TinyTeX/texmf-dist/tex/latex/hycolor/hycolor.sty
Package: hycolor 2020-01-27 v1.10 Color options for hyperref/bookmark (HO)
) (/Users/Carlos/Library/TinyTeX/texmf-dist/tex/latex/letltxmacro/letltxmacro.sty
Package: letltxmacro 2019/12/03 v1.6 Let assignment for LaTeX macros (HO)
) (/Users/Carlos/Library/TinyTeX/texmf-dist/tex/latex/auxhook/auxhook.sty
Package: auxhook 2019-12-17 v1.6 Hooks for auxiliary files (HO)
) (/Users/Carlos/Library/TinyTeX/texmf-dist/tex/latex/hyperref/nameref.sty
Package: nameref 2022-05-17 v2.50 Cross-referencing by name of section
(/Users/Carlos/Library/TinyTeX/texmf-dist/tex/latex/refcount/refcount.sty
Package: refcount 2019/12/15 v3.6 Data extraction from label references (HO)
) (/Users/Carlos/Library/TinyTeX/texmf-dist/tex/generic/gettitlestring/gettitlestring.sty
Package: gettitlestring 2019/12/15 v1.6 Cleanup title references (HO)
(/Users/Carlos/Library/TinyTeX/texmf-dist/tex/latex/kvoptions/kvoptions.sty
Package: kvoptions 2020-10-07 v3.14 Key value format for package options (HO)
))
\c@section@level=\count271
)
\@linkdim=\dimen148
\Hy@linkcounter=\count272
\Hy@pagecounter=\count273
(/Users/Carlos/Library/TinyTeX/texmf-dist/tex/latex/hyperref/pd1enc.def
File: pd1enc.def 2022-05-17 v7.00q Hyperref: PDFDocEncoding definition (HO)
Now handling font encoding PD1 ...
... no UTF-8 mapping file for font encoding PD1
) (/Users/Carlos/Library/TinyTeX/texmf-dist/tex/generic/intcalc/intcalc.sty
Package: intcalc 2019/12/15 v1.3 Expandable calculations with integers (HO)
) (/Users/Carlos/Library/TinyTeX/texmf-dist/tex/generic/etexcmds/etexcmds.sty
Package: etexcmds 2019/12/15 v1.7 Avoid name clashes with e-TeX commands (HO)
)
\Hy@SavedSpaceFactor=\count274
(/Users/Carlos/Library/TinyTeX/texmf-dist/tex/latex/hyperref/puenc.def
File: puenc.def 2022-05-17 v7.00q Hyperref: PDF Unicode definition (HO)
Now handling font encoding PU ...
... no UTF-8 mapping file for font encoding PU
)
Package hyperref Info: Option `unicode' set `true' on input line 4020.
Package hyperref Info: Hyper figures OFF on input line 4139.
Package hyperref Info: Link nesting OFF on input line 4144.
Package hyperref Info: Hyper index ON on input line 4147.
Package hyperref Info: Plain pages OFF on input line 4154.
Package hyperref Info: Backreferencing OFF on input line 4159.
Package hyperref Info: Implicit mode ON; LaTeX internals redefined.
Package hyperref Info: Bookmarks ON on input line 4385.
\c@Hy@tempcnt=\count275
(/Users/Carlos/Library/TinyTeX/texmf-dist/tex/latex/url/url.sty
\Urlmuskip=\muskip17
Package: url 2013/09/16  ver 3.4  Verb mode for urls, etc.
)
LaTeX Info: Redefining \url on input line 4723.
\XeTeXLinkMargin=\dimen149
(/Users/Carlos/Library/TinyTeX/texmf-dist/tex/generic/bitset/bitset.sty
Package: bitset 2019/12/09 v1.3 Handle bit-vector datatype (HO)
(/Users/Carlos/Library/TinyTeX/texmf-dist/tex/generic/bigintcalc/bigintcalc.sty
Package: bigintcalc 2019/12/15 v1.5 Expandable calculations on big integers (HO)
))
\Fld@menulength=\count276
\Field@Width=\dimen150
\Fld@charsize=\dimen151
Package hyperref Info: Hyper figures OFF on input line 6001.
Package hyperref Info: Link nesting OFF on input line 6006.
Package hyperref Info: Hyper index ON on input line 6009.
Package hyperref Info: backreferencing OFF on input line 6016.
Package hyperref Info: Link coloring OFF on input line 6021.
Package hyperref Info: Link coloring with OCG OFF on input line 6026.
Package hyperref Info: PDF/A mode OFF on input line 6031.
LaTeX Info: Redefining \ref on input line 6078.
LaTeX Info: Redefining \pageref on input line 6078.
(/Users/Carlos/Library/TinyTeX/texmf-dist/tex/latex/base/atbegshi-ltx.sty
Package: atbegshi-ltx 2021/01/10 v1.0c Emulation of the original atbegshi
package with kernel methods
)
\Hy@abspage=\count277
\c@Item=\count278
\c@Hfootnote=\count279
)
Package hyperref Info: Driver (autodetected): hpdftex.
(/Users/Carlos/Library/TinyTeX/texmf-dist/tex/latex/hyperref/hpdftex.def
File: hpdftex.def 2022-05-17 v7.00q Hyperref driver for pdfTeX
(/Users/Carlos/Library/TinyTeX/texmf-dist/tex/latex/base/atveryend-ltx.sty
Package: atveryend-ltx 2020/08/19 v1.0a Emulation of the original atveryend package
with kernel methods
)
\Fld@listcount=\count280
\c@bookmark@seq@number=\count281
(/Users/Carlos/Library/TinyTeX/texmf-dist/tex/latex/rerunfilecheck/rerunfilecheck.sty
Package: rerunfilecheck 2019/12/05 v1.9 Rerun checks for auxiliary files (HO)
(/Users/Carlos/Library/TinyTeX/texmf-dist/tex/generic/uniquecounter/uniquecounter.sty
Package: uniquecounter 2019/12/15 v1.4 Provide unlimited unique counter (HO)
)
Package uniquecounter Info: New unique counter `rerunfilecheck' on input line 286.
)
\Hy@SectionHShift=\skip52
) (/Users/Carlos/Library/TinyTeX/texmf-dist/tex/latex/geometry/geometry.sty
Package: geometry 2020/01/02 v5.9 Page Geometry
(/Users/Carlos/Library/TinyTeX/texmf-dist/tex/generic/iftex/ifvtex.sty
Package: ifvtex 2019/10/25 v1.7 ifvtex legacy package. Use iftex instead.
)
\Gm@cnth=\count282
\Gm@cntv=\count283
\c@Gm@tempcnt=\count284
\Gm@bindingoffset=\dimen152
\Gm@wd@mp=\dimen153
\Gm@odd@mp=\dimen154
\Gm@even@mp=\dimen155
\Gm@layoutwidth=\dimen156
\Gm@layoutheight=\dimen157
\Gm@layouthoffset=\dimen158
\Gm@layoutvoffset=\dimen159
\Gm@dimlist=\toks24
) (/Users/Carlos/Library/TinyTeX/texmf-dist/tex/latex/tools/longtable.sty
Package: longtable 2021-09-01 v4.17 Multi-page Table package (DPC)
\LTleft=\skip53
\LTright=\skip54
\LTpre=\skip55
\LTpost=\skip56
\LTchunksize=\count285
\LTcapwidth=\dimen160
\LT@head=\box52
\LT@firsthead=\box53
\LT@foot=\box54
\LT@lastfoot=\box55
\LT@gbox=\box56
\LT@cols=\count286
\LT@rows=\count287
\c@LT@tables=\count288
\c@LT@chunks=\count289
\LT@p@ftn=\toks25
) (/Users/Carlos/Library/TinyTeX/texmf-dist/tex/latex/booktabs/booktabs.sty
Package: booktabs 2020/01/12 v1.61803398 Publication quality tables
\heavyrulewidth=\dimen161
\lightrulewidth=\dimen162
\cmidrulewidth=\dimen163
\belowrulesep=\dimen164
\belowbottomsep=\dimen165
\aboverulesep=\dimen166
\abovetopsep=\dimen167
\cmidrulesep=\dimen168
\cmidrulekern=\dimen169
\defaultaddspace=\dimen170
\@cmidla=\count290
\@cmidlb=\count291
\@aboverulesep=\dimen171
\@belowrulesep=\dimen172
\@thisruleclass=\count292
\@lastruleclass=\count293
\@thisrulewidth=\dimen173
) (/Users/Carlos/Library/TinyTeX/texmf-dist/tex/latex/tools/array.sty
Package: array 2021/10/04 v2.5f Tabular extension package (FMi)
\col@sep=\dimen174
\ar@mcellbox=\box57
\extrarowheight=\dimen175
\NC@list=\toks26
\extratabsurround=\skip57
\backup@length=\skip58
\ar@cellbox=\box58
) (/Users/Carlos/Library/TinyTeX/texmf-dist/tex/latex/tools/calc.sty
Package: calc 2017/05/25 v4.3 Infix arithmetic (KKT,FJ)
\calc@Acount=\count294
\calc@Bcount=\count295
\calc@Adimen=\dimen176
\calc@Bdimen=\dimen177
\calc@Askip=\skip59
\calc@Bskip=\skip60
LaTeX Info: Redefining \setlength on input line 80.
LaTeX Info: Redefining \addtolength on input line 81.
\calc@Ccount=\count296
\calc@Cskip=\skip61
) (/Users/Carlos/Library/TinyTeX/texmf-dist/tex/latex/etoolbox/etoolbox.sty
Package: etoolbox 2020/10/05 v2.5k e-TeX tools for LaTeX (JAW)
\etb@tempcnta=\count297
) (/Users/Carlos/Library/TinyTeX/texmf-dist/tex/latex/mdwtools/footnote.sty
Package: footnote 1997/01/28 1.13 Save footnotes around boxes
\fn@notes=\box59
\fn@width=\dimen178
) (/Users/Carlos/Library/TinyTeX/texmf-dist/tex/latex/graphics/graphicx.sty
Package: graphicx 2021/09/16 v1.2d Enhanced LaTeX Graphics (DPC,SPQR)
(/Users/Carlos/Library/TinyTeX/texmf-dist/tex/latex/graphics/graphics.sty
Package: graphics 2021/03/04 v1.4d Standard LaTeX Graphics (DPC,SPQR)
(/Users/Carlos/Library/TinyTeX/texmf-dist/tex/latex/graphics/trig.sty
Package: trig 2021/08/11 v1.11 sin cos tan (DPC)
) (/Users/Carlos/Library/TinyTeX/texmf-dist/tex/latex/graphics-cfg/graphics.cfg
File: graphics.cfg 2016/06/04 v1.11 sample graphics configuration
)
Package graphics Info: Driver file: pdftex.def on input line 107.
)
\Gin@req@height=\dimen179
\Gin@req@width=\dimen180
) (/Users/Carlos/Library/TinyTeX/texmf-dist/tex/generic/babel/babel.sty
Package: babel 2022/04/30 3.74 The Babel package
\babel@savecnt=\count298
\U@D=\dimen181
\l@unhyphenated=\language4
(/Users/Carlos/Library/TinyTeX/texmf-dist/tex/generic/babel/txtbabel.def)
\bbl@readstream=\read2
\bbl@dirlevel=\count299
(/Users/Carlos/Library/TinyTeX/texmf-dist/tex/generic/babel-spanish/spanish.ldf
Language: spanish.ldf 2021/05/27 v5.0q Spanish support from the babel system
\es@quottoks=\toks27
\es@quotdepth=\count300
Package babel Info: Making " an active character on input line 570.
Package babel Info: Making . an active character on input line 675.
Package babel Info: Making < an active character on input line 722.
Package babel Info: Making > an active character on input line 722.
)) (/Users/Carlos/Library/TinyTeX/texmf-dist/tex/latex/pdfpages/pdfpages.sty
Package: pdfpages 2022/01/29 v0.5u Insert pages of external PDF documents (AM)
(/Users/Carlos/Library/TinyTeX/texmf-dist/tex/latex/base/ifthen.sty
Package: ifthen 2020/11/24 v1.1c Standard LaTeX ifthen package (DPC)
) (/Users/Carlos/Library/TinyTeX/texmf-dist/tex/latex/eso-pic/eso-pic.sty
Package: eso-pic 2020/10/14 v3.0a eso-pic (RN)
\ESO@tempdima=\dimen182
\ESO@tempdimb=\dimen183
)
\AM@pagewidth=\dimen184
\AM@pageheight=\dimen185
\AM@fboxrule=\dimen186
(/Users/Carlos/Library/TinyTeX/texmf-dist/tex/latex/pdfpages/pppdftex.def
File: pppdftex.def 2022/01/29 v0.5u Pdfpages driver for pdfTeX (AM)
)
\pdfpages@includegraphics@status=\count301
\AM@pagebox=\box60
\AM@global@opts=\toks28
\AM@pagecnt=\count302
\AM@toc@title=\toks29
\c@AM@survey=\count303
\AM@templatesizebox=\box61
) (/Users/Carlos/Library/TinyTeX/texmf-dist/tex/latex/l3backend/l3backend-pdftex.def
File: l3backend-pdftex.def 2022-04-20 L3 backend support: PDF output (pdfTeX)
\l__color_backend_stack_int=\count304
\l__pdf_internal_box=\box62
) (./TareaV.aux
LaTeX Info: Redefining \. on input line 22.
LaTeX Info: Redefining \% on input line 22.

LaTeX Warning: Label `' multiply defined.

)
\openout1 = `TareaV.aux'.

LaTeX Font Info:    Checking defaults for OML/cmm/m/it on input line 79.
LaTeX Font Info:    ... okay on input line 79.
LaTeX Font Info:    Checking defaults for OMS/cmsy/m/n on input line 79.
LaTeX Font Info:    ... okay on input line 79.
LaTeX Font Info:    Checking defaults for OT1/cmr/m/n on input line 79.
LaTeX Font Info:    ... okay on input line 79.
LaTeX Font Info:    Checking defaults for T1/cmr/m/n on input line 79.
LaTeX Font Info:    ... okay on input line 79.
LaTeX Font Info:    Checking defaults for TS1/cmr/m/n on input line 79.
LaTeX Font Info:    ... okay on input line 79.
LaTeX Font Info:    Checking defaults for OMX/cmex/m/n on input line 79.
LaTeX Font Info:    ... okay on input line 79.
LaTeX Font Info:    Checking defaults for U/cmr/m/n on input line 79.
LaTeX Font Info:    ... okay on input line 79.
LaTeX Font Info:    Checking defaults for PD1/pdf/m/n on input line 79.
LaTeX Font Info:    ... okay on input line 79.
LaTeX Font Info:    Checking defaults for PU/pdf/m/n on input line 79.
LaTeX Font Info:    ... okay on input line 79.
(/Users/Carlos/Library/TinyTeX/texmf-dist/tex/latex/epstopdf-pkg/epstopdf-base.sty
Package: epstopdf-base 2020-01-24 v2.11 Base part for package epstopdf
Package epstopdf-base Info: Redefining graphics rule for `.eps' on input line 485.
(/Users/Carlos/Library/TinyTeX/texmf-dist/tex/latex/latexconfig/epstopdf-sys.cfg
File: epstopdf-sys.cfg 2010/07/13 v1.3 Configuration of (r)epstopdf for TeX Live
))
Package hyperref Info: Link coloring OFF on input line 79.
(./TareaV.out) (./TareaV.out)
\@outlinefile=\write3
\openout3 = `TareaV.out'.

*geometry* driver: auto-detecting
*geometry* detected driver: pdftex
*geometry* verbose mode - [ preamble ] result:
* driver: pdftex
* paper: <default>
* layout: <same size as paper>
* layoutoffset:(h,v)=(0.0pt,0.0pt)
* modes: 
* h-part:(L,W,R)=(72.26999pt, 469.75502pt, 72.26999pt)
* v-part:(T,H,B)=(72.26999pt, 650.43001pt, 72.26999pt)
* \paperwidth=614.295pt
* \paperheight=794.96999pt
* \textwidth=469.75502pt
* \textheight=650.43001pt
* \oddsidemargin=0.0pt
* \evensidemargin=0.0pt
* \topmargin=-37.0pt
* \headheight=12.0pt
* \headsep=25.0pt
* \topskip=10.0pt
* \footskip=30.0pt
* \marginparwidth=65.0pt
* \marginparsep=11.0pt
* \columnsep=10.0pt
* \skip\footins=9.0pt plus 4.0pt minus 2.0pt
* \hoffset=0.0pt
* \voffset=0.0pt
* \mag=1000
* \@twocolumnfalse
* \@twosidefalse
* \@mparswitchfalse
* \@reversemarginfalse
* (1in=72.27pt=25.4mm, 1cm=28.453pt)

LaTeX Info: Redefining \. on input line 79.
LaTeX Info: Redefining \% on input line 79.
(/Users/Carlos/Library/TinyTeX/texmf-dist/tex/latex/pdflscape/pdflscape.sty
Package: pdflscape 2019/12/05 v0.12 Display of landscape pages in PDF (HO)
(/Users/Carlos/Library/TinyTeX/texmf-dist/tex/latex/graphics/lscape.sty
Package: lscape 2020/05/28 v3.02 Landscape Pages (DPC)
)
Package pdflscape Info: Auto-detected driver: pdftex on input line 81.
)
<portada_equipo_cuasiselecto.pdf, id=16, 614.295pt x 794.97pt>
File: portada_equipo_cuasiselecto.pdf Graphic file (type pdf)
<use portada_equipo_cuasiselecto.pdf>
Package pdftex.def Info: portada_equipo_cuasiselecto.pdf  used on input line 81.
(pdftex.def)             Requested size: 469.75604pt x 607.9196pt.
File: portada_equipo_cuasiselecto.pdf Graphic file (type pdf)
<use portada_equipo_cuasiselecto.pdf>
Package pdftex.def Info: portada_equipo_cuasiselecto.pdf  used on input line 81.
(pdftex.def)             Requested size: 469.75604pt x 607.9196pt.
<portada_equipo_cuasiselecto.pdf, id=19, page=1, 614.295pt x 794.97pt>
File: portada_equipo_cuasiselecto.pdf Graphic file (type pdf)
<use portada_equipo_cuasiselecto.pdf, page 1>
Package pdftex.def Info: portada_equipo_cuasiselecto.pdf , page1 used on input line 81.
(pdftex.def)             Requested size: 614.29349pt x 794.96806pt.
File: portada_equipo_cuasiselecto.pdf Graphic file (type pdf)
<use portada_equipo_cuasiselecto.pdf, page 1>
Package pdftex.def Info: portada_equipo_cuasiselecto.pdf , page1 used on input line 81.
(pdftex.def)             Requested size: 614.58406pt x 795.3441pt.
File: portada_equipo_cuasiselecto.pdf Graphic file (type pdf)
<use portada_equipo_cuasiselecto.pdf, page 1>
Package pdftex.def Info: portada_equipo_cuasiselecto.pdf , page1 used on input line 81.
(pdftex.def)             Requested size: 614.58406pt x 795.3441pt.
File: portada_equipo_cuasiselecto.pdf Graphic file (type pdf)
<use portada_equipo_cuasiselecto.pdf, page 1>
Package pdftex.def Info: portada_equipo_cuasiselecto.pdf , page1 used on input line 81.
(pdftex.def)             Requested size: 614.58406pt x 795.3441pt.
File: portada_equipo_cuasiselecto.pdf Graphic file (type pdf)
<use portada_equipo_cuasiselecto.pdf, page 1>
Package pdftex.def Info: portada_equipo_cuasiselecto.pdf , page1 used on input line 81.
(pdftex.def)             Requested size: 614.58406pt x 795.3441pt.
[1

 <./portada_equipo_cuasiselecto.pdf{/Users/Carlos/Library/TinyTeX/texmf-var/fonts/map/pdftex/updmap/pdftex.map}>]
LaTeX Font Info:    Trying to load font information for OT1+lmr on input line 93.
(/Users/Carlos/Library/TinyTeX/texmf-dist/tex/latex/lm/ot1lmr.fd
File: ot1lmr.fd 2015/05/01 v1.6.1 Font defs for Latin Modern
)
LaTeX Font Info:    Trying to load font information for OML+lmm on input line 93.
(/Users/Carlos/Library/TinyTeX/texmf-dist/tex/latex/lm/omllmm.fd
File: omllmm.fd 2015/05/01 v1.6.1 Font defs for Latin Modern
)
LaTeX Font Info:    Trying to load font information for OMS+lmsy on input line 93.
(/Users/Carlos/Library/TinyTeX/texmf-dist/tex/latex/lm/omslmsy.fd
File: omslmsy.fd 2015/05/01 v1.6.1 Font defs for Latin Modern
)
LaTeX Font Info:    Trying to load font information for OMX+lmex on input line 93.
(/Users/Carlos/Library/TinyTeX/texmf-dist/tex/latex/lm/omxlmex.fd
File: omxlmex.fd 2015/05/01 v1.6.1 Font defs for Latin Modern
)
LaTeX Font Info:    External font `lmex10' loaded for size
(Font)              <10> on input line 93.
LaTeX Font Info:    External font `lmex10' loaded for size
(Font)              <7> on input line 93.
LaTeX Font Info:    External font `lmex10' loaded for size
(Font)              <5> on input line 93.
LaTeX Font Info:    Trying to load font information for U+msa on input line 93.
(/Users/Carlos/Library/TinyTeX/texmf-dist/tex/latex/amsfonts/umsa.fd
File: umsa.fd 2013/01/14 v3.01 AMS symbols A
)
LaTeX Font Info:    Trying to load font information for U+msb on input line 93.
(/Users/Carlos/Library/TinyTeX/texmf-dist/tex/latex/amsfonts/umsb.fd
File: umsb.fd 2013/01/14 v3.01 AMS symbols B
)
pdfTeX warning (ext4): destination with the same identifier (name{page.1}) has been already used, duplicate ignored
<to be read again> 
                   \relax 
l.124 \[i=r+g=\frac{c}{a}+g\]
                              Como \(m\) crece a tasa \(g\), en el periodo 1, [1] [2] [3]
pdfTeX warning (ext4): destination with the same identifier (name{equation.0.1}) has been already used, duplicate ignored
<to be read again> 
                   \relax 
l.183 \end{align}
                  La ultima igualdad sigue de que como
pdfTeX warning (ext4): destination with the same identifier (name{equation.0.2}) has been already used, duplicate ignored
<to be read again> 
                   \relax 
l.195 \end{align}
                 
pdfTeX warning (ext4): destination with the same identifier (name{equation.0.3}) has been already used, duplicate ignored
<to be read again> 
                   \relax 
l.203 \end{align}
                  Sustituyendo en (2) y reordenando \begin{align}
pdfTeX warning (ext4): destination with the same identifier (name{equation.0.4}) has been already used, duplicate ignored
<to be read again> 
                   \relax 
l.207 \end{align}
                  La ultima igualdad sigue porque el shock del periodo \(t\)
pdfTeX warning (ext4): destination with the same identifier (name{equation.0.5}) has been already used, duplicate ignored
<to be read again> 
                   \relax 
l.212 \end{align}
                  Ahora \begin{align}
pdfTeX warning (ext4): destination with the same identifier (name{equation.0.6}) has been already used, duplicate ignored
<to be read again> 
                   \relax 
l.215 \end{align}
                  Sustituyendo (5) \begin{align}
pdfTeX warning (ext4): destination with the same identifier (name{equation.0.7}) has been already used, duplicate ignored
<to be read again> 
                   \relax 
l.219 \end{align}
                  Tenemos que \begin{align} [4

]
pdfTeX warning (ext4): destination with the same identifier (name{equation.0.8}) has been already used, duplicate ignored
<to be read again> 
                   \relax 
l.222 \end{align}
                  Sustituyendo en \(y_t=c-ar_t\) obtenemos \begin{align}
pdfTeX warning (ext4): destination with the same identifier (name{equation.0.9}) has been already used, duplicate ignored
<to be read again> 
                   \relax 
l.227 \end{align}
                  Por lo que la tasa de interés real será \begin{align}
pdfTeX warning (ext4): destination with the same identifier (name{equation.0.10}) has been already used, duplicate ignored
<to be read again> 
                   \relax 
l.235 \end{align}
                  Y finalmente, la tasa de intereses nominal es \begin{align}
pdfTeX warning (ext4): destination with the same identifier (name{equation.0.11}) has been already used, duplicate ignored
<to be read again> 
                   \relax 
l.243 \end{align}
                  [5]
pdfTeX warning (ext4): destination with the same identifier (name{equation.0.12}) has been already used, duplicate ignored
<to be read again> 
                   \relax 
l.250 \end{align}
                  Lo cual nunca sucede. Por lo que cambios en inflación [6]
<TareaV_files/figure-latex/unnamed-chunk-2-1.pdf, id=94, 463.7325pt x 313.17pt>
File: TareaV_files/figure-latex/unnamed-chunk-2-1.pdf Graphic file (type pdf)
<use TareaV_files/figure-latex/unnamed-chunk-2-1.pdf>
Package pdftex.def Info: TareaV_files/figure-latex/unnamed-chunk-2-1.pdf  used on input line 275.
(pdftex.def)             Requested size: 463.73842pt x 313.174pt.
<TareaV_files/figure-latex/unnamed-chunk-3-1.pdf, id=95, 463.7325pt x 313.17pt>
File: TareaV_files/figure-latex/unnamed-chunk-3-1.pdf Graphic file (type pdf)
<use TareaV_files/figure-latex/unnamed-chunk-3-1.pdf>
Package pdftex.def Info: TareaV_files/figure-latex/unnamed-chunk-3-1.pdf  used on input line 281.
(pdftex.def)             Requested size: 463.73842pt x 313.174pt.
<TareaV_files/figure-latex/unnamed-chunk-4-1.pdf, id=96, 463.7325pt x 313.17pt>
File: TareaV_files/figure-latex/unnamed-chunk-4-1.pdf Graphic file (type pdf)
<use TareaV_files/figure-latex/unnamed-chunk-4-1.pdf>
Package pdftex.def Info: TareaV_files/figure-latex/unnamed-chunk-4-1.pdf  used on input line 287.
(pdftex.def)             Requested size: 463.73842pt x 313.174pt.
<TareaV_files/figure-latex/unnamed-chunk-5-1.pdf, id=97, 463.7325pt x 313.17pt>
File: TareaV_files/figure-latex/unnamed-chunk-5-1.pdf Graphic file (type pdf)
<use TareaV_files/figure-latex/unnamed-chunk-5-1.pdf>
Package pdftex.def Info: TareaV_files/figure-latex/unnamed-chunk-5-1.pdf  used on input line 293.
(pdftex.def)             Requested size: 463.73842pt x 313.174pt.
[7 <./TareaV_files/figure-latex/unnamed-chunk-2-1.pdf>] [8 <./TareaV_files/figure-latex/unnamed-chunk-3-1.pdf>] [9 <./TareaV_files/figure-latex/unnamed-chunk-4-1.pdf>] [10 <./TareaV_files/figure-latex/unnamed-chunk-5-1.pdf>]
Overfull \hbox (45.8284pt too wide) in alignment at lines 304--310
 [] [] [] [] [] [] [] [] [] [] 
 []


Overfull \hbox (45.8284pt too wide) in alignment at lines 310--315
 [] [] [] [] [] [] [] [] [] [] 
 []


Overfull \hbox (45.8284pt too wide) in alignment at lines 315--341
 [] [] [] [] [] [] [] [] [] [] 
 []

[11] [12] [13] [14] [15] [16] [17]
<TareaV_files/figure-latex/unnamed-chunk-17-1.pdf, id=185, 453.695pt x 316.18124pt>
File: TareaV_files/figure-latex/unnamed-chunk-17-1.pdf Graphic file (type pdf)
<use TareaV_files/figure-latex/unnamed-chunk-17-1.pdf>
Package pdftex.def Info: TareaV_files/figure-latex/unnamed-chunk-17-1.pdf  used on input line 821.
(pdftex.def)             Requested size: 453.6939pt x 316.18047pt.
[18]
<TareaV_files/figure-latex/unnamed-chunk-21-1.pdf, id=193, 459.7175pt x 316.18124pt>
File: TareaV_files/figure-latex/unnamed-chunk-21-1.pdf Graphic file (type pdf)
<use TareaV_files/figure-latex/unnamed-chunk-21-1.pdf>
Package pdftex.def Info: TareaV_files/figure-latex/unnamed-chunk-21-1.pdf  used on input line 835.
(pdftex.def)             Requested size: 459.74442pt x 316.19975pt.
<TareaV_files/figure-latex/unnamed-chunk-21-2.pdf, id=194, 459.7175pt x 316.18124pt>
File: TareaV_files/figure-latex/unnamed-chunk-21-2.pdf Graphic file (type pdf)
<use TareaV_files/figure-latex/unnamed-chunk-21-2.pdf>
Package pdftex.def Info: TareaV_files/figure-latex/unnamed-chunk-21-2.pdf  used on input line 836.
(pdftex.def)             Requested size: 459.74442pt x 316.19975pt.
<TareaV_files/figure-latex/unnamed-chunk-21-3.pdf, id=195, 459.7175pt x 316.18124pt>
File: TareaV_files/figure-latex/unnamed-chunk-21-3.pdf Graphic file (type pdf)
<use TareaV_files/figure-latex/unnamed-chunk-21-3.pdf>
Package pdftex.def Info: TareaV_files/figure-latex/unnamed-chunk-21-3.pdf  used on input line 837.
(pdftex.def)             Requested size: 459.74442pt x 316.19975pt.
<TareaV_files/figure-latex/unnamed-chunk-21-4.pdf, id=196, 459.7175pt x 316.18124pt>
File: TareaV_files/figure-latex/unnamed-chunk-21-4.pdf Graphic file (type pdf)
<use TareaV_files/figure-latex/unnamed-chunk-21-4.pdf>
Package pdftex.def Info: TareaV_files/figure-latex/unnamed-chunk-21-4.pdf  used on input line 838.
(pdftex.def)             Requested size: 459.74442pt x 316.19975pt.
<TareaV_files/figure-latex/unnamed-chunk-21-5.pdf, id=197, 459.7175pt x 316.18124pt>
File: TareaV_files/figure-latex/unnamed-chunk-21-5.pdf Graphic file (type pdf)
<use TareaV_files/figure-latex/unnamed-chunk-21-5.pdf>
Package pdftex.def Info: TareaV_files/figure-latex/unnamed-chunk-21-5.pdf  used on input line 839.
(pdftex.def)             Requested size: 459.74442pt x 316.19975pt.

Underfull \hbox (badness 10000) in paragraph at lines 835--840
[][]
 []


Underfull \hbox (badness 10000) in paragraph at lines 835--840
[]
 []


Underfull \hbox (badness 10000) in paragraph at lines 835--840
[]
 []


Underfull \hbox (badness 10000) in paragraph at lines 835--840
[]
 []

[19 <./TareaV_files/figure-latex/unnamed-chunk-17-1.pdf>] [20 <./TareaV_files/figure-latex/unnamed-chunk-21-1.pdf> <./TareaV_files/figure-latex/unnamed-chunk-21-2.pdf>] [21 <./TareaV_files/figure-latex/unnamed-chunk-21-3.pdf> <./TareaV_files/figure-latex/unnamed-chunk-21-4.pdf>] [22 <./TareaV_files/figure-latex/unnamed-chunk-21-5.pdf>] [23] (./TareaV.aux
LaTeX Info: Redefining \. on input line 22.
LaTeX Info: Redefining \% on input line 22.
)

LaTeX Warning: There were multiply-defined labels.

Package rerunfilecheck Info: File `TareaV.out' has not changed.
(rerunfilecheck)             Checksum: 0B6D26D8DF88F4BA5756B6171F6D5468;216.
 ) 
Here is how much of TeX's memory you used:
 13326 strings out of 480247
 211839 string characters out of 5892856
 533808 words of memory out of 5000000
 30965 multiletter control sequences out of 15000+600000
 509729 words of font info for 53 fonts, out of 8000000 for 9000
 14 hyphenation exceptions out of 8191
 72i,17n,77p,622b,472s stack positions out of 10000i,1000n,20000p,200000b,200000s
{/Users/Carlos/Library/TinyTeX/texmf-dist/fonts/enc/dvips/lm/lm-ec.enc}{/Users/Carlos/Library/TinyTeX/texmf-dist/fonts/enc/dvips/lm/lm-mathit.enc}{/Users/Carlos/Library/TinyTeX/texmf-dist/fonts/enc/dvips/lm/lm-mathsy.enc}{/Users/Carlos/Library/TinyTeX/texmf-dist/fonts/enc/dvips/lm/lm-mathex.enc}{/Users/Carlos/Library/TinyTeX/texmf-dist/fonts/enc/dvips/lm/lm-rm.enc}</Users/Carlos/Library/TinyTeX/texmf-dist/fonts/type1/public/lm/lmbx10.pfb></Users/Carlos/Library/TinyTeX/texmf-dist/fonts/type1/public/lm/lmbx12.pfb></Users/Carlos/Library/TinyTeX/texmf-dist/fonts/type1/public/lm/lmex10.pfb></Users/Carlos/Library/TinyTeX/texmf-dist/fonts/type1/public/lm/lmmi10.pfb></Users/Carlos/Library/TinyTeX/texmf-dist/fonts/type1/public/lm/lmmi5.pfb></Users/Carlos/Library/TinyTeX/texmf-dist/fonts/type1/public/lm/lmmi7.pfb></Users/Carlos/Library/TinyTeX/texmf-dist/fonts/type1/public/lm/lmr10.pfb></Users/Carlos/Library/TinyTeX/texmf-dist/fonts/type1/public/lm/lmr7.pfb></Users/Carlos/Library/TinyTeX/texmf-dist/fonts/type1/public/lm/lmri10.pfb></Users/Carlos/Library/TinyTeX/texmf-dist/fonts/type1/public/lm/lmsy10.pfb></Users/Carlos/Library/TinyTeX/texmf-dist/fonts/type1/public/lm/lmsy7.pfb></Users/Carlos/Library/TinyTeX/texmf-dist/fonts/type1/public/amsfonts/symbols/msbm10.pfb></Users/Carlos/Library/TinyTeX/texmf-dist/fonts/type1/urw/times/utmr8a.pfb>
Output written on TareaV.pdf (24 pages, 290385 bytes).
PDF statistics:
 342 PDF objects out of 1000 (max. 8388607)
 248 compressed objects within 3 object streams
 65 named destinations out of 1000 (max. 500000)
 95 words of extra memory for PDF output out of 10000 (max. 10000000)

